[     620ms] [INFO] %cDownload the React DevTools for a better development experience: https://react.dev/link/react-devtools font-weight:bold @ http://localhost:3002/_next/static/chunks/07vw_next_dist_13_qw0k._.js:2477
[     713ms] [LOG] [HMR] connected @ http://localhost:3002/_next/static/chunks/07vw_next_dist_13_qw0k._.js:2477
[     936ms] [VERBOSE] [DOM] Input elements should have autocomplete attributes (suggested: "current-password"): (More info: https://goo.gl/9p2vKq) %o @ http://localhost:3002/admin/login:0
[   50353ms] [LOG] [Fast Refresh] rebuilding @ http://localhost:3002/_next/static/chunks/07vw_next_dist_13_qw0k._.js:2477
[   51564ms] [LOG] [Fast Refresh] done in 1310ms @ http://localhost:3002/_next/static/chunks/07vw_next_dist_13_qw0k._.js:2477
[   51708ms] [LOG] [Fast Refresh] rebuilding @ http://localhost:3002/_next/static/chunks/07vw_next_dist_13_qw0k._.js:2477
[   52207ms] [LOG] [Fast Refresh] done in 603ms @ http://localhost:3002/_next/static/chunks/07vw_next_dist_13_qw0k._.js:2477
[   52356ms] [LOG] [Fast Refresh] rebuilding @ http://localhost:3002/_next/static/chunks/07vw_next_dist_13_qw0k._.js:2477
[   52541ms] [LOG] [Fast Refresh] done in 290ms @ http://localhost:3002/_next/static/chunks/07vw_next_dist_13_qw0k._.js:2477
[   52683ms] [LOG] [Fast Refresh] rebuilding @ http://localhost:3002/_next/static/chunks/07vw_next_dist_13_qw0k._.js:2477
[   52742ms] [LOG] [Fast Refresh] done in 166ms @ http://localhost:3002/_next/static/chunks/07vw_next_dist_13_qw0k._.js:2477
[   52940ms] [LOG] [Fast Refresh] rebuilding @ http://localhost:3002/_next/static/chunks/07vw_next_dist_13_qw0k._.js:2477
[   53101ms] [LOG] [Fast Refresh] done in 262ms @ http://localhost:3002/_next/static/chunks/07vw_next_dist_13_qw0k._.js:2477
[  201882ms] [LOG] [Fast Refresh] rebuilding @ http://localhost:3002/_next/static/chunks/07vw_next_dist_13_qw0k._.js:2477
[  202106ms] [LOG] [Fast Refresh] done in 330ms @ http://localhost:3002/_next/static/chunks/07vw_next_dist_13_qw0k._.js:2477
[  203823ms] [LOG] [Fast Refresh] rebuilding @ http://localhost:3002/_next/static/chunks/07vw_next_dist_13_qw0k._.js:2477
[  203851ms] [LOG] [Fast Refresh] done in 130ms @ http://localhost:3002/_next/static/chunks/07vw_next_dist_13_qw0k._.js:2477
[  206926ms] [ERROR] Failed to load resource: the server responded with a status of 500 (Internal Server Error) @ http://localhost:3002/api/admin/sliders:0
[  206966ms] [ERROR] Failed to load resource: the server responded with a status of 500 (Internal Server Error) @ http://localhost:3002/api/admin/sliders:0
[  255396ms] [ERROR] WebSocket connection to 'ws://localhost:3002/_next/webpack-hmr?id=WvDvuXqQ1LzbslF88qcdP' failed: Error in connection establishment: net::ERR_CONNECTION_REFUSED @ http://localhost:3002/_next/static/chunks/07vw_next_dist_client_04oxss2._.js:13322
[  258744ms] [ERROR] WebSocket connection to 'ws://localhost:3002/_next/webpack-hmr?id=WvDvuXqQ1LzbslF88qcdP' failed: Error in connection establishment: net::ERR_CONNECTION_REFUSED @ http://localhost:3002/_next/static/chunks/07vw_next_dist_client_04oxss2._.js:13322
[  262088ms] [ERROR] WebSocket connection to 'ws://localhost:3002/_next/webpack-hmr?id=WvDvuXqQ1LzbslF88qcdP' failed: Error in connection establishment: net::ERR_CONNECTION_REFUSED @ http://localhost:3002/_next/static/chunks/07vw_next_dist_client_04oxss2._.js:13322
[  265432ms] [ERROR] WebSocket connection to 'ws://localhost:3002/_next/webpack-hmr?id=WvDvuXqQ1LzbslF88qcdP' failed: Error in connection establishment: net::ERR_CONNECTION_REFUSED @ http://localhost:3002/_next/static/chunks/07vw_next_dist_client_04oxss2._.js:13322
[  268784ms] [ERROR] WebSocket connection to 'ws://localhost:3002/_next/webpack-hmr?id=WvDvuXqQ1LzbslF88qcdP' failed: Error in connection establishment: net::ERR_CONNECTION_REFUSED @ http://localhost:3002/_next/static/chunks/07vw_next_dist_client_04oxss2._.js:13322
[  276136ms] [ERROR] WebSocket connection to 'ws://localhost:3002/_next/webpack-hmr?id=WvDvuXqQ1LzbslF88qcdP' failed: Error in connection establishment: net::ERR_CONNECTION_REFUSED @ http://localhost:3002/_next/static/chunks/07vw_next_dist_client_04oxss2._.js:13322
[  283499ms] [ERROR] WebSocket connection to 'ws://localhost:3002/_next/webpack-hmr?id=WvDvuXqQ1LzbslF88qcdP' failed: Error in connection establishment: net::ERR_CONNECTION_REFUSED @ http://localhost:3002/_next/static/chunks/07vw_next_dist_client_04oxss2._.js:13322
[  290853ms] [ERROR] WebSocket connection to 'ws://localhost:3002/_next/webpack-hmr?id=WvDvuXqQ1LzbslF88qcdP' failed: Error in connection establishment: net::ERR_CONNECTION_REFUSED @ http://localhost:3002/_next/static/chunks/07vw_next_dist_client_04oxss2._.js:13322
[  298186ms] [ERROR] WebSocket connection to 'ws://localhost:3002/_next/webpack-hmr?id=WvDvuXqQ1LzbslF88qcdP' failed: Error in connection establishment: net::ERR_CONNECTION_REFUSED @ http://localhost:3002/_next/static/chunks/07vw_next_dist_client_04oxss2._.js:13322
[  305564ms] [ERROR] WebSocket connection to 'ws://localhost:3002/_next/webpack-hmr?id=WvDvuXqQ1LzbslF88qcdP' failed: Error in connection establishment: net::ERR_CONNECTION_REFUSED @ http://localhost:3002/_next/static/chunks/07vw_next_dist_client_04oxss2._.js:13322
[  312935ms] [ERROR] WebSocket connection to 'ws://localhost:3002/_next/webpack-hmr?id=WvDvuXqQ1LzbslF88qcdP' failed: Error in connection establishment: net::ERR_CONNECTION_REFUSED @ http://localhost:3002/_next/static/chunks/07vw_next_dist_client_04oxss2._.js:13322
[  320434ms] [ERROR] WebSocket connection to 'ws://localhost:3002/_next/webpack-hmr?id=WvDvuXqQ1LzbslF88qcdP' failed: Error in connection establishment: net::ERR_CONNECTION_REFUSED @ http://localhost:3002/_next/static/chunks/07vw_next_dist_client_04oxss2._.js:13322
